2025-05-28 12:02:43 | {"data_path": "fed_data/dynamic_datasets/FB15K237/FB15K237-Fed5.pkl", "name": "fb15k237-fed5_dynamic-fedpe-transe", "state_dir": "./state", "log_dir": "./log", "tb_log_dir": "./tb_log", "run_mode": "FedPE", "model": "TransE", "one_client_idx": 0, "max_epoch": 10000, "log_per_epoch": 1, "check_per_epoch": 10, "batch_size": 512, "test_batch_size": 16, "num_neg": 256, "lr": 0.001, "max_round": 10000, "local_epoch": 3, "fraction": 1, "log_per_round": 1, "check_per_round": 5, "early_stop_patience": 5, "gamma": 10.0, "epsilon": 2.0, "hidden_dim": 128, "gpu": "0", "adversarial_temperature": 1.0, "seed": 12345}
2025-05-28 12:02:51 | epoch: 0 | loss: 0.6489
2025-05-28 12:02:59 | epoch: 1 | loss: 0.4238
2025-05-28 12:03:07 | epoch: 2 | loss: 0.3355
2025-05-28 12:03:15 | epoch: 3 | loss: 0.2934
2025-05-28 12:03:23 | epoch: 4 | loss: 0.2692
2025-05-28 12:03:31 | epoch: 5 | loss: 0.2528
2025-05-28 12:03:39 | epoch: 6 | loss: 0.2400
2025-05-28 12:03:47 | epoch: 7 | loss: 0.2307
2025-05-28 12:03:55 | epoch: 8 | loss: 0.2226
2025-05-28 12:04:03 | epoch: 9 | loss: 0.2165
2025-05-28 12:04:11 | epoch: 10 | loss: 0.2114
2025-05-28 12:09:20 | {"data_path": "fed_data/dynamic_datasets/FB15K237/FB15K237-Fed5.pkl", "name": "fb15k237-fed5_dynamic-fedpe-transe", "state_dir": "./state", "log_dir": "./log", "tb_log_dir": "./tb_log", "run_mode": "FedPE", "model": "TransE", "one_client_idx": 0, "max_epoch": 10000, "log_per_epoch": 1, "check_per_epoch": 10, "batch_size": 512, "test_batch_size": 16, "num_neg": 256, "lr": 0.001, "max_round": 10000, "local_epoch": 3, "fraction": 1, "log_per_round": 1, "check_per_round": 5, "early_stop_patience": 5, "gamma": 10.0, "epsilon": 2.0, "hidden_dim": 128, "gpu": "0", "adversarial_temperature": 1.0, "seed": 12345}
2025-05-28 12:09:28 | epoch: 0 | loss: 0.6489
2025-05-28 12:09:35 | epoch: 1 | loss: 0.4238
2025-05-28 12:09:43 | epoch: 2 | loss: 0.3355
2025-05-28 12:09:51 | epoch: 3 | loss: 0.2934
2025-05-28 12:09:59 | epoch: 4 | loss: 0.2693
2025-05-28 12:10:08 | epoch: 5 | loss: 0.2529
2025-05-28 12:10:15 | epoch: 6 | loss: 0.2400
2025-05-28 12:10:23 | epoch: 7 | loss: 0.2307
2025-05-28 12:10:31 | epoch: 8 | loss: 0.2225
2025-05-28 12:10:39 | epoch: 9 | loss: 0.2164
2025-05-28 12:10:46 | epoch: 10 | loss: 0.2113
2025-05-28 12:17:40 | {"data_path": "fed_data/dynamic_datasets/FB15K237/FB15K237-Fed5.pkl", "name": "fb15k237-fed5_dynamic-fedpe-transe", "state_dir": "./state", "log_dir": "./log", "tb_log_dir": "./tb_log", "run_mode": "FedPE", "model": "TransE", "one_client_idx": 0, "max_epoch": 10000, "log_per_epoch": 1, "check_per_epoch": 10, "batch_size": 512, "test_batch_size": 16, "num_neg": 256, "lr": 0.001, "max_round": 10000, "local_epoch": 3, "fraction": 1, "log_per_round": 1, "check_per_round": 5, "early_stop_patience": 5, "gamma": 10.0, "epsilon": 2.0, "hidden_dim": 128, "gpu": "0", "adversarial_temperature": 1.0, "seed": 12345}
2025-05-28 12:17:47 | epoch: 0 | loss: 0.6489
2025-05-28 15:02:50 | {"data_path": "fed_data/dynamic_datasets/FB15K237/FB15K237-Fed5.pkl", "name": "fb15k237-fed5_dynamic-fedpe-transe", "state_dir": "./state", "log_dir": "./log", "tb_log_dir": "./tb_log", "run_mode": "FedPE", "model": "TransE", "one_client_idx": 0, "max_epoch": 10000, "log_per_epoch": 1, "check_per_epoch": 10, "batch_size": 512, "test_batch_size": 16, "num_neg": 256, "lr": 0.001, "max_round": 10000, "local_epoch": 3, "fraction": 1, "log_per_round": 1, "check_per_round": 5, "early_stop_patience": 5, "gamma": 10.0, "epsilon": 2.0, "hidden_dim": 128, "gpu": "0", "adversarial_temperature": 1.0, "seed": 12345}
2025-05-28 15:02:58 | epoch: 0 | loss: 0.6489
2025-05-28 15:25:04 | {"data_path": "fed_data/dynamic_datasets/FB15K237/FB15K237-Fed5.pkl", "name": "fb15k237-fed5_dynamic-fedpe-transe", "state_dir": "./state", "log_dir": "./log", "tb_log_dir": "./tb_log", "run_mode": "FedPE", "model": "TransE", "one_client_idx": 0, "max_epoch": 10000, "log_per_epoch": 1, "check_per_epoch": 10, "batch_size": 512, "test_batch_size": 16, "num_neg": 256, "lr": 0.001, "max_round": 10000, "local_epoch": 3, "fraction": 1, "log_per_round": 1, "check_per_round": 5, "early_stop_patience": 5, "gamma": 10.0, "epsilon": 2.0, "hidden_dim": 128, "gpu": "0", "adversarial_temperature": 1.0, "seed": 12345}
2025-05-28 15:25:11 | epoch: 0 | loss: 0.6489
2025-05-28 15:31:40 | {"data_path": "fed_data/dynamic_datasets/FB15K237/FB15K237-Fed5.pkl", "name": "fb15k237-fed5_dynamic-fedpe-transe", "state_dir": "./state", "log_dir": "./log", "tb_log_dir": "./tb_log", "run_mode": "FedPE", "model": "TransE", "one_client_idx": 0, "max_epoch": 10000, "log_per_epoch": 1, "check_per_epoch": 10, "batch_size": 512, "test_batch_size": 16, "num_neg": 256, "lr": 0.001, "max_round": 10000, "local_epoch": 3, "fraction": 1, "log_per_round": 1, "check_per_round": 5, "early_stop_patience": 5, "gamma": 10.0, "epsilon": 2.0, "hidden_dim": 128, "gpu": "0", "adversarial_temperature": 1.0, "seed": 12345}
2025-05-28 15:31:47 | epoch: 0 | loss: 0.6489
2025-05-28 15:42:00 | {"data_path": "fed_data/dynamic_datasets/FB15K237/FB15K237-Fed5.pkl", "name": "fb15k237-fed5_dynamic-fedpe-transe", "state_dir": "./state", "log_dir": "./log", "tb_log_dir": "./tb_log", "run_mode": "FedPE", "model": "TransE", "one_client_idx": 0, "max_epoch": 10000, "log_per_epoch": 1, "check_per_epoch": 10, "batch_size": 512, "test_batch_size": 16, "num_neg": 256, "lr": 0.001, "max_round": 10000, "local_epoch": 3, "fraction": 1, "log_per_round": 1, "check_per_round": 5, "early_stop_patience": 5, "gamma": 10.0, "epsilon": 2.0, "hidden_dim": 128, "gpu": "0", "adversarial_temperature": 1.0, "seed": 12345}
2025-05-28 15:42:07 | epoch: 0 | loss: 0.6489
2025-05-28 16:24:11 | {"data_path": "fed_data/dynamic_datasets/FB15K237/FB15K237-Fed5.pkl", "name": "fb15k237-fed5_dynamic-fedpe-transe", "state_dir": "./state", "log_dir": "./log", "tb_log_dir": "./tb_log", "run_mode": "FedPE", "model": "TransE", "one_client_idx": 0, "max_epoch": 10000, "log_per_epoch": 1, "check_per_epoch": 10, "batch_size": 512, "test_batch_size": 16, "num_neg": 256, "lr": 0.001, "max_round": 10000, "local_epoch": 3, "fraction": 1, "log_per_round": 1, "check_per_round": 5, "early_stop_patience": 5, "gamma": 10.0, "epsilon": 2.0, "hidden_dim": 128, "gpu": "0", "adversarial_temperature": 1.0, "seed": 12345}
2025-05-28 16:24:18 | epoch: 0 | loss: 0.6489
2025-05-28 16:28:06 | {"data_path": "fed_data/dynamic_datasets/FB15K237/FB15K237-Fed5.pkl", "name": "fb15k237-fed5_dynamic-fedpe-transe", "state_dir": "./state", "log_dir": "./log", "tb_log_dir": "./tb_log", "run_mode": "FedPE", "model": "TransE", "one_client_idx": 0, "max_epoch": 10000, "log_per_epoch": 1, "check_per_epoch": 10, "batch_size": 512, "test_batch_size": 16, "num_neg": 256, "lr": 0.001, "max_round": 10000, "local_epoch": 3, "fraction": 1, "log_per_round": 1, "check_per_round": 5, "early_stop_patience": 5, "gamma": 10.0, "epsilon": 2.0, "hidden_dim": 128, "gpu": "0", "adversarial_temperature": 1.0, "seed": 12345}
2025-05-28 16:28:15 | epoch: 0 | loss: 0.6489
2025-05-28 16:28:19 | mrr: 0.1747, hits@1: 0.1048, hits@3: 0.2023, hits@10: 0.3081
2025-05-28 16:28:19 | best model | mrr 0.1747
2025-05-28 16:28:26 | epoch: 1 | loss: 0.4239
2025-05-28 16:28:34 | epoch: 2 | loss: 0.3349
2025-05-28 16:29:16 | {"data_path": "fed_data/dynamic_datasets/FB15K237/FB15K237-Fed5.pkl", "name": "fb15k237-fed5_dynamic-fedpe-transe", "state_dir": "./state", "log_dir": "./log", "tb_log_dir": "./tb_log", "run_mode": "FedPE", "model": "TransE", "one_client_idx": 0, "max_epoch": 10000, "log_per_epoch": 1, "check_per_epoch": 10, "batch_size": 512, "test_batch_size": 16, "num_neg": 256, "lr": 0.001, "max_round": 10000, "local_epoch": 3, "fraction": 1, "log_per_round": 1, "check_per_round": 5, "early_stop_patience": 5, "gamma": 10.0, "epsilon": 2.0, "hidden_dim": 128, "gpu": "0", "adversarial_temperature": 1.0, "seed": 12345}
2025-05-28 16:29:23 | epoch: 0 | loss: 0.6489
2025-05-28 16:29:27 | mrr: 0.1747, hits@1: 0.1047, hits@3: 0.2023, hits@10: 0.3080
2025-05-28 16:29:27 | best model | mrr 0.1747
2025-05-28 16:29:35 | epoch: 1 | loss: 0.4239
2025-05-28 16:38:07 | {"data_path": "fed_data/dynamic_datasets/FB15K237/FB15K237-Fed5.pkl", "name": "fb15k237-fed5_dynamic-fedpe-transe", "state_dir": "./state", "log_dir": "./log", "tb_log_dir": "./tb_log", "run_mode": "FedPE", "model": "TransE", "one_client_idx": 0, "max_epoch": 10000, "log_per_epoch": 1, "check_per_epoch": 10, "batch_size": 512, "test_batch_size": 16, "num_neg": 256, "lr": 0.001, "max_round": 10000, "local_epoch": 3, "fraction": 1, "log_per_round": 1, "check_per_round": 5, "early_stop_patience": 5, "gamma": 10.0, "epsilon": 2.0, "hidden_dim": 128, "gpu": "0", "adversarial_temperature": 1.0, "seed": 12345}
2025-05-28 16:52:36 | {"data_path": "fed_data/dynamic_datasets/FB15K237/FB15K237-Fed5.pkl", "name": "fb15k237-fed5_dynamic-fedpe-transe", "state_dir": "./state", "log_dir": "./log", "tb_log_dir": "./tb_log", "run_mode": "FedPE", "model": "TransE", "one_client_idx": 0, "max_epoch": 10000, "log_per_epoch": 1, "check_per_epoch": 10, "batch_size": 512, "test_batch_size": 16, "num_neg": 256, "lr": 0.001, "max_round": 10000, "local_epoch": 3, "fraction": 1, "log_per_round": 1, "check_per_round": 5, "early_stop_patience": 5, "gamma": 10.0, "epsilon": 2.0, "hidden_dim": 128, "gpu": "0", "adversarial_temperature": 1.0, "seed": 12345}
2025-05-28 16:52:43 | epoch: 0 | loss: 0.6487
2025-05-28 16:52:46 | mrr: 0.1746, hits@1: 0.1051, hits@3: 0.2026, hits@10: 0.3081
2025-05-28 16:52:46 | best model | mrr 0.1746
2025-05-28 16:53:20 | {"data_path": "fed_data/dynamic_datasets/FB15K237/FB15K237-Fed5.pkl", "name": "fb15k237-fed5_dynamic-fedpe-transe", "state_dir": "./state", "log_dir": "./log", "tb_log_dir": "./tb_log", "run_mode": "FedPE", "model": "TransE", "one_client_idx": 0, "max_epoch": 10000, "log_per_epoch": 1, "check_per_epoch": 10, "batch_size": 512, "test_batch_size": 16, "num_neg": 256, "lr": 0.001, "max_round": 10000, "local_epoch": 3, "fraction": 1, "log_per_round": 1, "check_per_round": 5, "early_stop_patience": 5, "gamma": 10.0, "epsilon": 2.0, "hidden_dim": 128, "gpu": "0", "adversarial_temperature": 1.0, "seed": 12345}
2025-05-28 16:53:28 | epoch: 0 | loss: 0.6487
2025-05-28 16:53:30 | mrr: 0.1747, hits@1: 0.1052, hits@3: 0.2025, hits@10: 0.3082
2025-05-28 16:53:30 | best model | mrr 0.1747
2025-05-28 16:53:37 | epoch: 1 | loss: 0.4241
2025-05-28 16:53:45 | epoch: 2 | loss: 0.3347
2025-05-28 16:53:53 | epoch: 3 | loss: 0.2926
2025-05-28 16:54:01 | epoch: 4 | loss: 0.2688
2025-05-28 16:54:09 | epoch: 5 | loss: 0.2521
2025-05-28 16:54:16 | epoch: 6 | loss: 0.2401
2025-05-28 16:54:24 | epoch: 7 | loss: 0.2300
2025-05-28 16:54:32 | epoch: 8 | loss: 0.2212
2025-05-28 16:54:40 | epoch: 9 | loss: 0.2147
2025-05-28 16:54:48 | epoch: 10 | loss: 0.2105
2025-05-28 16:54:51 | mrr: 0.2834, hits@1: 0.1805, hits@3: 0.3140, hits@10: 0.5026
2025-05-28 16:54:51 | best model | mrr 0.2834
2025-05-28 16:54:57 | epoch: 11 | loss: 0.2052
2025-05-28 16:55:05 | epoch: 12 | loss: 0.2018
2025-05-28 16:55:13 | epoch: 13 | loss: 0.1991
2025-05-28 16:55:21 | epoch: 14 | loss: 0.1959
2025-05-28 16:55:29 | epoch: 15 | loss: 0.1930
2025-05-28 16:55:37 | epoch: 16 | loss: 0.1921
2025-05-28 16:55:45 | epoch: 17 | loss: 0.1902
2025-05-28 16:55:53 | epoch: 18 | loss: 0.1895
2025-05-28 16:56:01 | epoch: 19 | loss: 0.1875
2025-05-28 16:56:09 | epoch: 20 | loss: 0.1868
2025-05-28 16:56:11 | mrr: 0.3020, hits@1: 0.1955, hits@3: 0.3321, hits@10: 0.5302
2025-05-28 16:56:11 | best model | mrr 0.3020
2025-05-28 16:56:18 | epoch: 21 | loss: 0.1856
2025-05-28 16:56:26 | epoch: 22 | loss: 0.1841
2025-05-28 16:56:34 | epoch: 23 | loss: 0.1832
2025-05-28 16:56:41 | epoch: 24 | loss: 0.1820
2025-05-28 16:56:50 | epoch: 25 | loss: 0.1823
2025-05-28 16:56:58 | epoch: 26 | loss: 0.1813
2025-05-28 16:57:06 | epoch: 27 | loss: 0.1811
2025-05-28 16:57:14 | epoch: 28 | loss: 0.1798
2025-05-28 16:57:22 | epoch: 29 | loss: 0.1797
2025-05-28 16:57:30 | epoch: 30 | loss: 0.1796
2025-05-28 16:57:33 | mrr: 0.3067, hits@1: 0.1990, hits@3: 0.3396, hits@10: 0.5356
2025-05-28 16:57:33 | best model | mrr 0.3067
2025-05-28 16:57:39 | epoch: 31 | loss: 0.1785
2025-05-28 16:57:47 | epoch: 32 | loss: 0.1785
2025-05-28 16:57:55 | epoch: 33 | loss: 0.1780
2025-05-28 16:58:03 | epoch: 34 | loss: 0.1764
2025-05-28 16:58:11 | epoch: 35 | loss: 0.1775
2025-05-28 16:58:19 | epoch: 36 | loss: 0.1778
2025-05-28 16:58:27 | epoch: 37 | loss: 0.1773
2025-05-28 16:58:35 | epoch: 38 | loss: 0.1774
2025-05-28 16:58:43 | epoch: 39 | loss: 0.1760
2025-05-28 16:58:51 | epoch: 40 | loss: 0.1762
2025-05-28 16:58:54 | mrr: 0.3110, hits@1: 0.2032, hits@3: 0.3457, hits@10: 0.5356
2025-05-28 16:58:54 | best model | mrr 0.3110
2025-05-28 16:59:00 | epoch: 41 | loss: 0.1769
2025-05-28 16:59:08 | epoch: 42 | loss: 0.1758
2025-05-28 16:59:16 | epoch: 43 | loss: 0.1751
2025-05-28 16:59:24 | epoch: 44 | loss: 0.1745
2025-05-28 16:59:32 | epoch: 45 | loss: 0.1752
2025-05-28 16:59:40 | epoch: 46 | loss: 0.1750
2025-05-28 16:59:48 | epoch: 47 | loss: 0.1746
2025-05-28 16:59:56 | epoch: 48 | loss: 0.1748
2025-05-28 17:00:04 | epoch: 49 | loss: 0.1738
2025-05-28 17:00:12 | epoch: 50 | loss: 0.1733
2025-05-28 17:00:15 | mrr: 0.3094, hits@1: 0.2002, hits@3: 0.3452, hits@10: 0.5426
2025-05-28 17:00:15 | best model is at round 40, mrr 0.3110, bad count 1
2025-05-28 17:00:21 | epoch: 51 | loss: 0.1739
2025-05-28 17:00:29 | epoch: 52 | loss: 0.1736
2025-05-28 17:00:37 | epoch: 53 | loss: 0.1744
2025-05-28 17:00:45 | epoch: 54 | loss: 0.1738
2025-05-28 17:00:53 | epoch: 55 | loss: 0.1733
2025-05-28 17:01:01 | epoch: 56 | loss: 0.1732
2025-05-28 17:01:09 | epoch: 57 | loss: 0.1732
2025-05-28 17:01:17 | epoch: 58 | loss: 0.1740
2025-05-28 17:01:25 | epoch: 59 | loss: 0.1730
2025-05-28 17:01:33 | epoch: 60 | loss: 0.1729
2025-05-28 17:01:36 | mrr: 0.3108, hits@1: 0.2019, hits@3: 0.3465, hits@10: 0.5404
2025-05-28 17:01:36 | best model is at round 40, mrr 0.3110, bad count 2
2025-05-28 17:01:43 | epoch: 61 | loss: 0.1729
2025-05-28 17:01:50 | epoch: 62 | loss: 0.1729
